<?xml version="1.0" encoding="UTF-8"?>
<!-- Generated by org.testng.reporters.JUnitReportReporter -->
<testsuite hostname="LAPTOP-C1J829AO" failures="0" tests="1" name="test.LoginPageTest" time="8.948" errors="0" timestamp="2022-08-19T17:07:43 IST" skipped="0">
  <testcase classname="test.LoginPageTest" name="ZerodhaLoginTest" time="8.948"/>
  <system-out/>
</testsuite> <!-- test.LoginPageTest -->
