<?xml version="1.0" encoding="UTF-8"?>
<!-- Generated by org.testng.reporters.JUnitReportReporter -->
<testsuite hostname="LAPTOP-C1J829AO" failures="0" tests="6" name="test.HomePageTest" time="58.165" errors="0" timestamp="2022-08-20T14:44:02 IST" skipped="0">
  <testcase classname="test.HomePageTest" name="SearchStockAndClickAddToWatchlist" time="7.597"/>
  <system-out/>
  <testcase classname="test.HomePageTest" name="SearchStockAndClickMarketDepth" time="10.376"/>
  <system-out/>
  <testcase classname="test.HomePageTest" name="SearchStockAndClickSell" time="11.096"/>
  <system-out/>
  <testcase classname="test.HomePageTest" name="SearchStockTest" time="7.698"/>
  <system-out/>
  <testcase classname="test.HomePageTest" name="SearchStockAndClickBuy" time="14.632"/>
  <system-out/>
  <testcase classname="test.HomePageTest" name="SearchStockAndClickChart" time="6.766"/>
  <system-out/>
</testsuite> <!-- test.HomePageTest -->
